<?xml version="1.0" encoding="UTF-8"?>
<!-- Generated by org.testng.reporters.JUnitReportReporter -->
<testsuite hostname="Karthiks-MacBook-Air.local" failures="0" tests="14" name="MyTestClass2" time="0.229" errors="0" timestamp="13 Mar 2020 20:33:16 GMT">
  <testcase classname="MyTestClass2" name="myTestMethod3" time="0.019"/>
  <testcase classname="MyTestClass2" name="myTestMethod3" time="0.010"/>
  <testcase classname="MyTestClass2" name="myTestMethod3" time="0.013"/>
  <testcase classname="MyTestClass2" name="myTestMethod3" time="0.008"/>
  <testcase classname="MyTestClass2" name="myTestMethod4" time="0.003"/>
  <testcase classname="MyTestClass2" name="myTestMethod3" time="0.015"/>
  <testcase classname="MyTestClass2" name="myTestMethod3" time="0.033"/>
  <testcase classname="MyTestClass2" name="myTestMethod3" time="0.023"/>
  <testcase classname="MyTestClass2" name="myTestMethod3" time="0.021"/>
  <testcase classname="MyTestClass2" name="myTestMethod4" time="0.006"/>
  <testcase classname="MyTestClass2" name="myTestMethod3" time="0.013"/>
  <testcase classname="MyTestClass2" name="myTestMethod3" time="0.013"/>
  <testcase classname="MyTestClass2" name="myTestMethod3" time="0.023"/>
  <testcase classname="MyTestClass2" name="myTestMethod3" time="0.029"/>
</testsuite> <!-- MyTestClass2 -->
