<?xml version="1.0" encoding="UTF-8"?>
<!-- Generated by org.testng.reporters.JUnitReportReporter -->
<testsuite hostname="Karthiks-MacBook-Air.local" failures="0" tests="2" name="MyTestClass1" time="0.031" errors="0" timestamp="13 Mar 2020 20:33:16 GMT">
  <testcase classname="MyTestClass1" name="myTestMethod2" time="0.014"/>
  <testcase classname="MyTestClass1" name="myTestMethod1" time="0.017"/>
</testsuite> <!-- MyTestClass1 -->
